
Attaching package: ‘dplyr’

The following objects are masked from ‘package:plyr’:

    arrange, count, desc, failwith, id, mutate, rename, summarise,
    summarize

The following objects are masked from ‘package:stats’:

    filter, lag

The following objects are masked from ‘package:base’:

    intersect, setdiff, setequal, union

Loading required package: nlme

Attaching package: ‘nlme’

The following object is masked from ‘package:dplyr’:

    collapse

This is mgcv 1.8-40. For overview type 'help("mgcv-package")'.
Loading required package: coda

Attaching package: ‘coda’

The following object is masked from ‘package:jagsUI’:

    traceplot

Linked to JAGS 4.3.1
Loaded modules: basemod,bugs

Processing function input....... 

Done. 
 
Beginning parallel processing using 3 cores. Console output will be suppressed.
Error in checkForRemoteErrors(val) : 
  3 nodes produced errors; first error: 
Error parsing model file:
syntax error on line 30 near "2"

Calls: source ... clusterApply -> staticClusterApply -> checkForRemoteErrors
Execution halted
[CRAYBLAS_WARNING] Application linked against multiple cray-libsci libraries
[CRAYBLAS_WARNING] Application linked against multiple cray-libsci libraries
[CRAYBLAS_WARNING] Application linked against multiple cray-libsci libraries
[CRAYBLAS_WARNING] Application linked against multiple cray-libsci libraries
srun: error: cn103: task 0: Exited with exit code 1
