
Attaching package: ‘dplyr’

The following objects are masked from ‘package:plyr’:

    arrange, count, desc, failwith, id, mutate, rename, summarise,
    summarize

The following objects are masked from ‘package:stats’:

    filter, lag

The following objects are masked from ‘package:base’:

    intersect, setdiff, setequal, union

Loading required package: nlme

Attaching package: ‘nlme’

The following object is masked from ‘package:dplyr’:

    collapse

This is mgcv 1.8-40. For overview type 'help("mgcv-package")'.
Loading required package: coda

Attaching package: ‘coda’

The following object is masked from ‘package:jagsUI’:

    traceplot

Linked to JAGS 4.3.1
Loaded modules: basemod,bugs

Processing function input....... 

Done. 
 
Beginning parallel processing using 3 cores. Console output will be suppressed.

Parallel processing completed.

[CRAYBLAS_WARNING] Application linked against multiple cray-libsci libraries
[CRAYBLAS_WARNING] Application linked against multiple cray-libsci libraries
[CRAYBLAS_WARNING] Application linked against multiple cray-libsci libraries
Calculating statistics....... 
Warning in doTryCatch(return(expr), name, parentenv, handler) :
  At least one Rhat value could not be calculated.

Done. 
Warning message:
In m7_yp[9218:15947] <- m7_yp[9287:16204]/5 :
  number of items to replace is not a multiple of replacement length
[CRAYBLAS_WARNING] Application linked against multiple cray-libsci libraries
