
Attaching package: ‘dplyr’

The following objects are masked from ‘package:plyr’:

    arrange, count, desc, failwith, id, mutate, rename, summarise,
    summarize

The following objects are masked from ‘package:stats’:

    filter, lag

The following objects are masked from ‘package:base’:

    intersect, setdiff, setequal, union

Loading required package: nlme

Attaching package: ‘nlme’

The following object is masked from ‘package:dplyr’:

    collapse

This is mgcv 1.8-40. For overview type 'help("mgcv-package")'.
Loading required package: coda

Attaching package: ‘coda’

The following object is masked from ‘package:jagsUI’:

    traceplot

Linked to JAGS 4.3.1
Loaded modules: basemod,bugs
Error in rbind.fill(train1, test2) : object 'train1' not found
Calls: source -> withVisible -> eval -> eval -> rbind.fill
Execution halted
[CRAYBLAS_WARNING] Application linked against multiple cray-libsci libraries
srun: error: cn105: task 0: Exited with exit code 1
